Reading netlist file: "C:\gowin_prj\tst_1\fpga_project_1\impl\gwsynthesis\fpga_project_1.vg"
Parsing netlist file "C:\gowin_prj\tst_1\fpga_project_1\impl\gwsynthesis\fpga_project_1.vg" completed
Processing netlist completed
Reading constraint file: "C:\gowin_prj\tst_1\fpga_project_1\src\fpga_project_1.cst"
Physical Constraint parsed completed
Running placement......
[10%] Placement Phase 0 completed
[20%] Placement Phase 1 completed
[30%] Placement Phase 2 completed
[50%] Placement Phase 3 completed
Running routing......
[60%] Routing Phase 0 completed
[70%] Routing Phase 1 completed
[80%] Routing Phase 2 completed
WARN  (PR1014) : Generic routing resource will be used to clock signal 'Clock_d' by the specified constraint. And then it may lead to the excessive delay or skew
[90%] Routing Phase 3 completed
Running timing analysis......
[95%] Timing analysis completed
Placement and routing completed
Bitstream generation in progress......
Bitstream generation completed
Running power analysis......
[100%] Power analysis completed
Generate file "C:\gowin_prj\tst_1\fpga_project_1\impl\pnr\fpga_project_1.power.html" completed
Generate file "C:\gowin_prj\tst_1\fpga_project_1\impl\pnr\fpga_project_1.pin.html" completed
Generate file "C:\gowin_prj\tst_1\fpga_project_1\impl\pnr\fpga_project_1.rpt.html" completed
Generate file "C:\gowin_prj\tst_1\fpga_project_1\impl\pnr\fpga_project_1.rpt.txt" completed
Generate file "C:\gowin_prj\tst_1\fpga_project_1\impl\pnr\fpga_project_1.tr.html" completed
Thu Sep 05 20:38:21 2024

