Reading netlist file: "C:\gowin_prj\i2s_module\impl\gwsynthesis\i2s_module.vg"
Parsing netlist file "C:\gowin_prj\i2s_module\impl\gwsynthesis\i2s_module.vg" completed
Processing netlist completed
Reading constraint file: "C:\gowin_prj\i2s_module\src\i2s_module.cst"
Physical Constraint parsed completed
Running placement......
[10%] Placement Phase 0 completed
[20%] Placement Phase 1 completed
[30%] Placement Phase 2 completed
[50%] Placement Phase 3 completed
Running routing......
[60%] Routing Phase 0 completed
[70%] Routing Phase 1 completed
[80%] Routing Phase 2 completed
[90%] Routing Phase 3 completed
Running timing analysis......
[95%] Timing analysis completed
Placement and routing completed
Bitstream generation in progress......
Bitstream generation completed
Running power analysis......
[100%] Power analysis completed
Generate file "C:\gowin_prj\i2s_module\impl\pnr\i2s_module.power.html" completed
Generate file "C:\gowin_prj\i2s_module\impl\pnr\i2s_module.pin.html" completed
Generate file "C:\gowin_prj\i2s_module\impl\pnr\i2s_module.rpt.html" completed
Generate file "C:\gowin_prj\i2s_module\impl\pnr\i2s_module.rpt.txt" completed
Generate file "C:\gowin_prj\i2s_module\impl\pnr\i2s_module.tr.html" completed
Tue Oct 01 19:35:23 2024

